#
# There is insufficient memory for the Java Runtime Environment to continue.
# Native memory allocation (malloc) failed to allocate 1048576 bytes for AllocateHeap
# Possible reasons:
#   The system is out of physical RAM or swap space
#   In 32 bit mode, the process size limit was hit
# Possible solutions:
#   Reduce memory load on the system
#   Increase physical memory or swap space
#   Check if swap backing store is full
#   Use 64 bit Java on a 64 bit OS
#   Decrease Java heap size (-Xmx/-Xms)
#   Decrease number of Java threads
#   Decrease Java thread stack sizes (-Xss)
#   Set larger code cache with -XX:ReservedCodeCacheSize=
# This output file may be truncated or incomplete.
#
#  Out of Memory Error (memory/allocation.inline.hpp:61), pid=28236, tid=0x0000000000004c94
#
# JRE version:  (8.0) (build )
# Java VM: OpenJDK 64-Bit Server VM (25.71-b00 mixed mode windows-amd64 compressed oops)
# Failed to write core dump. Minidumps are not enabled by default on client versions of Windows
#

---------------  T H R E A D  ---------------

Current thread (0x0000000002ed5000):  JavaThread "Unknown thread" [_thread_in_vm, id=19604, stack(0x0000000002dd0000,0x0000000002ed0000)]

Stack: [0x0000000002dd0000,0x0000000002ed0000]
[error occurred during error reporting (printing stack bounds), id 0xc0000005]

Native frames: (J=compiled Java code, j=interpreted, Vv=VM code, C=native code)


---------------  P R O C E S S  ---------------

Java Threads: ( => current thread )

Other Threads:

=>0x0000000002ed5000 (exited) JavaThread "Unknown thread" [_thread_in_vm, id=19604, stack(0x0000000002dd0000,0x0000000002ed0000)]

VM state:not at safepoint (normal execution)

VM Mutex/Monitor currently owned by a thread: None

Heap:
 PSYoungGen      total 76288K, used 1310K [0x000000076af00000, 0x0000000770400000, 0x00000007c0000000)
  eden space 65536K, 2% used [0x000000076af00000,0x000000076b047af0,0x000000076ef00000)
  from space 10752K, 0% used [0x000000076f980000,0x000000076f980000,0x0000000770400000)
  to   space 10752K, 0% used [0x000000076ef00000,0x000000076ef00000,0x000000076f980000)
 ParOldGen       total 175104K, used 0K [0x00000006c0c00000, 0x00000006cb700000, 0x000000076af00000)
  object space 175104K, 0% used [0x00000006c0c00000,0x00000006c0c00000,0x00000006cb700000)
 Metaspace       used 777K, capacity 4480K, committed 4480K, reserved 1056768K
  class space    used 74K, capacity 384K, committed 384K, reserved 1048576K

Card table byte_map: [0x0000000012390000,0x0000000012b90000] byte_map_base: 0x000000000ed8a000

Marking Bits: (ParMarkBitMap*) 0x000000005ca7be50
 Begin Bits: [0x0000000013af0000, 0x0000000017ac0000)
 End Bits:   [0x0000000017ac0000, 0x000000001ba90000)

Polling page: 0x0000000001050000

CodeCache: size=245760Kb used=327Kb max_used=327Kb free=245432Kb
 bounds [0x0000000002fd0000, 0x0000000003240000, 0x0000000011fd0000]
 total_blobs=56 nmethods=0 adapters=38
 compilation: enabled

Compilation events (0 events):
No events

GC Heap History (0 events):
No events

Deoptimization events (0 events):
No events

Classes redefined (0 events):
No events

Internal exceptions (0 events):
No events

Events (10 events):
Event: 0.017 loading class java/lang/Short
Event: 0.017 loading class java/lang/Short done
Event: 0.017 loading class java/lang/Integer
Event: 0.017 loading class java/lang/Integer done
Event: 0.017 loading class java/lang/Long
Event: 0.018 loading class java/lang/Long done
Event: 0.018 loading class java/lang/NullPointerException
Event: 0.018 loading class java/lang/NullPointerException done
Event: 0.018 loading class java/lang/ArithmeticException
Event: 0.018 loading class java/lang/ArithmeticException done


Dynamic libraries:
0x00007ff7e3f10000 - 0x00007ff7e3f45000 	D:\Games\Editor\2020.3.26f1\Editor\Data\PlaybackEngines\AndroidPlayer\OpenJDK\bin\java.exe
0x00007ff98bd90000 - 0x00007ff98bf85000 	C:\Windows\SYSTEM32\ntdll.dll
0x00007ff98aac0000 - 0x00007ff98ab7e000 	C:\Windows\System32\KERNEL32.DLL
0x00007ff989990000 - 0x00007ff989c58000 	C:\Windows\System32\KERNELBASE.dll
0x00007ff98aca0000 - 0x00007ff98ad4c000 	C:\Windows\System32\ADVAPI32.dll
0x00007ff98ad50000 - 0x00007ff98adee000 	C:\Windows\System32\msvcrt.dll
0x00007ff98af90000 - 0x00007ff98b02b000 	C:\Windows\System32\sechost.dll
0x00007ff98b270000 - 0x00007ff98b39a000 	C:\Windows\System32\RPCRT4.dll
0x00007ff98bb40000 - 0x00007ff98bce1000 	C:\Windows\System32\USER32.dll
0x00007ff989c90000 - 0x00007ff989cb2000 	C:\Windows\System32\win32u.dll
0x00007ff98bb00000 - 0x00007ff98bb2b000 	C:\Windows\System32\GDI32.dll
0x00007ff989cc0000 - 0x00007ff989dcd000 	C:\Windows\System32\gdi32full.dll
0x00007ff9895a0000 - 0x00007ff98963d000 	C:\Windows\System32\msvcp_win.dll
0x00007ff989890000 - 0x00007ff989990000 	C:\Windows\System32\ucrtbase.dll
0x00007ff973810000 - 0x00007ff973aaa000 	C:\Windows\WinSxS\amd64_microsoft.windows.common-controls_6595b64144ccf1df_6.0.19041.1110_none_60b5254171f9507e\COMCTL32.dll
0x00007ff98b240000 - 0x00007ff98b270000 	C:\Windows\System32\IMM32.DLL
0x000000005cb00000 - 0x000000005cbd2000 	D:\Games\Editor\2020.3.26f1\Editor\Data\PlaybackEngines\AndroidPlayer\OpenJDK\jre\bin\msvcr100.dll
0x000000005c2b0000 - 0x000000005caf9000 	D:\Games\Editor\2020.3.26f1\Editor\Data\PlaybackEngines\AndroidPlayer\OpenJDK\jre\bin\server\jvm.dll
0x00007ff98bb30000 - 0x00007ff98bb38000 	C:\Windows\System32\PSAPI.DLL
0x00007ff985000000 - 0x00007ff985009000 	C:\Windows\SYSTEM32\WSOCK32.dll
0x00007ff982800000 - 0x00007ff98280a000 	C:\Windows\SYSTEM32\VERSION.dll
0x00007ff97e0d0000 - 0x00007ff97e0f7000 	C:\Windows\SYSTEM32\WINMM.dll
0x00007ff98a6f0000 - 0x00007ff98a75b000 	C:\Windows\System32\WS2_32.dll
0x00007ff96fea0000 - 0x00007ff96feaf000 	D:\Games\Editor\2020.3.26f1\Editor\Data\PlaybackEngines\AndroidPlayer\OpenJDK\jre\bin\verify.dll
0x00007ff96b8a0000 - 0x00007ff96b8c9000 	D:\Games\Editor\2020.3.26f1\Editor\Data\PlaybackEngines\AndroidPlayer\OpenJDK\jre\bin\java.dll
0x00007ff963270000 - 0x00007ff963286000 	D:\Games\Editor\2020.3.26f1\Editor\Data\PlaybackEngines\AndroidPlayer\OpenJDK\jre\bin\zip.dll

VM Arguments:
jvm_args: -Dfile.encoding=UTF-8 -Dcom.android.sdkmanager.toolsdir=D:\Games\Editor\2020.3.26f1\Editor\Data\PlaybackEngines\AndroidPlayer\SDK\tools\bin\\.. 
java_command: com.android.sdklib.tool.AvdManagerCli list target -c
java_class_path (initial): D:\Games\Editor\2020.3.26f1\Editor\Data\PlaybackEngines\AndroidPlayer\SDK\tools\bin\..\lib\dvlib-26.0.0-dev.jar;D:\Games\Editor\2020.3.26f1\Editor\Data\PlaybackEngines\AndroidPlayer\SDK\tools\bin\..\lib\jimfs-1.1.jar;D:\Games\Editor\2020.3.26f1\Editor\Data\PlaybackEngines\AndroidPlayer\SDK\tools\bin\..\lib\jsr305-1.3.9.jar;D:\Games\Editor\2020.3.26f1\Editor\Data\PlaybackEngines\AndroidPlayer\SDK\tools\bin\..\lib\repository-26.0.0-dev.jar;D:\Games\Editor\2020.3.26f1\Editor\Data\PlaybackEngines\AndroidPlayer\SDK\tools\bin\..\lib\j2objc-annotations-1.1.jar;D:\Games\Editor\2020.3.26f1\Editor\Data\PlaybackEngines\AndroidPlayer\SDK\tools\bin\..\lib\layoutlib-api-26.0.0-dev.jar;D:\Games\Editor\2020.3.26f1\Editor\Data\PlaybackEngines\AndroidPlayer\SDK\tools\bin\..\lib\gson-2.3.jar;D:\Games\Editor\2020.3.26f1\Editor\Data\PlaybackEngines\AndroidPlayer\SDK\tools\bin\..\lib\httpcore-4.2.5.jar;D:\Games\Editor\2020.3.26f1\Editor\Data\PlaybackEngines\AndroidPlayer\SDK\tools\bin\..\lib\commons-logging-1.1.1.jar;D:\Games\Editor\2020.3.26f1\Editor\Data\PlaybackEngines\AndroidPlayer\SDK\tools\bin\..\lib\commons-compress-1.12.jar;D:\Games\Editor\2020.3.26f1\Editor\Data\PlaybackEngines\AndroidPlayer\SDK\tools\bin\..\lib\annotations-26.0.0-dev.jar;D:\Games\Editor\2020.3.26f1\Editor\Data\PlaybackEngines\AndroidPlayer\SDK\tools\bin\..\lib\error_prone_annotations-2.0.18.jar;D:\Games\Editor\2020.3.26f1\Editor\Data\PlaybackEngines\AndroidPlayer\SDK\tools\bin\..\lib\animal-sniffer-annotations-1.14.jar;D:\Games\Editor\2020.3.26f1\Editor\Data\PlaybackEngines\AndroidPlayer\SDK\tools\bin\..\lib\httpclient-4.2.6.jar;D:\Games\Editor\2020.3.26f1\Editor\Data\PlaybackEngines\AndroidPlayer\SDK\tools\bin\..\lib\commons-codec-1.6.jar;D:\Games\Editor\2020.3.26f1\Editor\Data\PlaybackEngines\AndroidPlayer\SDK\tools\bin\..\lib\common-26.0.0-dev.jar;D:\Games\Editor\2020.3.26f1\Editor\Data\PlaybackEngines\AndroidPlayer\SDK\tools\bin\..\lib\kxml2-2.3.0.jar;D:\Games\Editor\2020.3.26f1
Launcher Type: SUN_STANDARD

Environment Variables:
JAVA_HOME=D:\Games\Editor\2020.3.26f1\Editor\Data\PlaybackEngines\AndroidPlayer\OpenJDK
JAVA_TOOL_OPTIONS=-Dfile.encoding=UTF-8
PATH=C:\Program Files (x86)\Common Files\Intel\Shared Libraries\redist\intel64\compiler;C:\Windows\system32;C:\Windows;C:\Windows\System32\Wbem;C:\Windows\System32\WindowsPowerShell\v1.0\;C:\Windows\System32\OpenSSH\;C:\Program Files\NVIDIA Corporation\NVIDIA NvDLISR;C:\Program Files (x86)\NVIDIA Corporation\PhysX\Common;C:\Program Files\dotnet\;C:\Users\илья\AppData\Local\Microsoft\WindowsApps;C:\Users\илья\.dotnet\tools
USERNAME=илья
OS=Windows_NT
PROCESSOR_IDENTIFIER=AMD64 Family 23 Model 8 Stepping 2, AuthenticAMD



---------------  S Y S T E M  ---------------

OS: Windows 10.0 , 64 bit Build 19041 (10.0.19041.1348)

CPU:total 12 (initial active 12) (12 cores per cpu, 1 threads per core) family 23 model 8 stepping 2, cmov, cx8, fxsr, mmx, sse, sse2, sse3, ssse3, sse4.1, sse4.2, popcnt, avx, avx2, aes, clmul, mmxext, 3dnowpref, lzcnt, sse4a, tsc, tscinvbit, tscinv, bmi1

Memory: 4k page, physical 16724460k(2930092k free), swap 31296492k(6008k free)

vm_info: OpenJDK 64-Bit Server VM (25.71-b00) for windows-amd64 JRE (1.8.0-adoptopenjdk-_2018_05_19_00_59-b00), built on May 19 2018 01:02:12 by "jenkins" with MS VC++ 10.0 (VS2010)

time: Wed Mar 16 00:49:37 2022
elapsed time: 0 seconds (0d 0h 0m 0s)

