
=== Thu Mar 17 00:02:22 2022

Packages were changed.
Update Mode: updateDependencies

The following packages were updated:
  com.unity.2d.animation from version 5.0.10 to 5.1.0
  com.unity.2d.psdimporter from version 4.1.3 to 4.2.0
  com.unity.2d.spriteshape from version 5.1.7 to 5.2.0
  com.unity.collab-proxy from version 1.15.7 to 1.15.12
  com.unity.ide.visualstudio from version 2.0.12 to 2.0.14

=== Sat Jul 30 21:30:10 2022

Packages were changed.
Update Mode: updateDependencies

The following packages were updated:
  com.unity.2d.animation from version 5.0.10 to 5.2.0
  com.unity.2d.psdimporter from version 4.1.3 to 4.3.0
  com.unity.2d.spriteshape from version 5.1.7 to 5.3.0
  com.unity.collab-proxy from version 1.15.12 to 1.17.0
  com.unity.ide.visualstudio from version 2.0.15 to 2.0.16
  com.unity.purchasing from version 4.1.2 to 4.2.1
  com.unity.test-framework from version 1.1.29 to 1.1.31
